<?xml version="1.0"?>
<results>
	<player>
		<id>1</id>
		<credit>3000</credit>
		<kickatround>0</kickatround>
	</player>
	<player>
		<id>2</id>
		<credit>1500</credit>
		<kickatround>1</kickatround>
	</player>
	<player>
		<id>3</id>
		<credit>1500</credit>
		<kickatround>5</kickatround>
	</player>
</results>
