<?xml version="1.0"?>
<results>
	<player>
		<id>1</id>
		<credit>1000</credit>
		<kickatround>9</kickatround>
	</player>
	<player>
		<id>2</id>
		<credit>500</credit>
		<kickatround>9</kickatround>
	</player>
	<player>
		<id>3</id>
		<credit>4500</credit>
		<kickatround>0</kickatround>
	</player>
</results>
