<?xml version="1.0"?>
<results>
	<bot>
		<botid>1</botid>
		<playerid>33</playerid>
		<credit>3000</credit>
		<kickatround>0</kickatround>
	</bot>
	<bot>
		<botid>2</botid>
		<playerid>32</playerid>
		<credit>1500</credit>
		<kickatround>1</kickatround>
	</bot>
	<bot>
		<botid>3</botid>
		<playerid>31</playerid>
		<credit>1500</credit>
		<kickatround>11</kickatround>
	</bot>
</results>
