<?xml version="1.0"?>
<results>
	<player>
		<id>1</id>
		<credit>4000</credit>
		<kickatround>0</kickatround>
	</player>
	<player>
		<id>2</id>
		<credit>500</credit>
		<kickatround>6</kickatround>
	</player>
	<player>
		<id>3</id>
		<credit>1500</credit>
		<kickatround>6</kickatround>
	</player>
</results>
